<?xml version="1.0" encoding="UTF-8"?>
<testsuite xmlns:xsi="http://www.w3.org/2001/XMLSchema-instance" xsi:noNamespaceSchemaLocation="https://maven.apache.org/surefire/maven-surefire-plugin/xsd/surefire-test-report.xsd" name="GeocodingUtilityTest" time="2.223" tests="6" errors="0" skipped="0" failures="0">
  <properties>
[...]
</properties>
  <testcase name="GeocodingUtilityTest.testGetLocationByCityState_Valid" classname="GeocodingUtilityTest" time="1.014"/>
  <testcase name="GeocodingUtilityTest.testGetLocationByZip_Invalid" classname="GeocodingUtilityTest" time="0.227"/>
  <testcase name="GeocodingUtilityTest.testGetLocationByCityState_Invalid" classname="GeocodingUtilityTest" time="0.169"/>
  <testcase name="GeocodingUtilityTest.testMultipleLocationsWithInvalidInput" classname="GeocodingUtilityTest" time="0.526"/>
  <testcase name="GeocodingUtilityTest.testGetLocationByZip_Valid" classname="GeocodingUtilityTest" time="0.177"/>
  <testcase name="GeocodingUtilityTest.testMultipleLocations" classname="GeocodingUtilityTest" time="0.109"/>
</testsuite>